0 info it worked if it ends with ok
1 verbose cli [ 'node', '/usr/local/bin/npm', 'publish' ]
2 info using npm@1.4.23
3 info using node@v0.10.31
4 verbose publish [ '.' ]
5 verbose cache add [ '.', null ]
6 verbose cache add name=undefined spec="." args=[".",null]
7 verbose parsed url { protocol: null,
7 verbose parsed url   slashes: null,
7 verbose parsed url   auth: null,
7 verbose parsed url   host: null,
7 verbose parsed url   port: null,
7 verbose parsed url   hostname: null,
7 verbose parsed url   hash: null,
7 verbose parsed url   search: null,
7 verbose parsed url   query: null,
7 verbose parsed url   pathname: '.',
7 verbose parsed url   path: '.',
7 verbose parsed url   href: '.' }
8 silly lockFile 3a52ce78- .
9 verbose lock . /Users/Josh/.npm/3a52ce78-.lock
10 verbose tar pack [ '/Users/Josh/.npm/WakaTimeCLI/0.1.0/package.tgz', '.' ]
11 verbose tarball /Users/Josh/.npm/WakaTimeCLI/0.1.0/package.tgz
12 verbose folder .
13 info prepublish WakaTimeCLI@0.1.0
14 silly lockFile 1f1177db-tar tar://.
15 verbose lock tar://. /Users/Josh/.npm/1f1177db-tar.lock
16 silly lockFile 474eee60-pm-WakaTimeCLI-0-1-0-package-tgz tar:///Users/Josh/.npm/WakaTimeCLI/0.1.0/package.tgz
17 verbose lock tar:///Users/Josh/.npm/WakaTimeCLI/0.1.0/package.tgz /Users/Josh/.npm/474eee60-pm-WakaTimeCLI-0-1-0-package-tgz.lock
18 silly lockFile 1f1177db-tar tar://.
19 silly lockFile 1f1177db-tar tar://.
20 silly lockFile 474eee60-pm-WakaTimeCLI-0-1-0-package-tgz tar:///Users/Josh/.npm/WakaTimeCLI/0.1.0/package.tgz
21 silly lockFile 474eee60-pm-WakaTimeCLI-0-1-0-package-tgz tar:///Users/Josh/.npm/WakaTimeCLI/0.1.0/package.tgz
22 silly lockFile 4fccd289-sh-npm-WakaTimeCLI-0-1-0-package /Users/Josh/.npm/WakaTimeCLI/0.1.0/package
23 verbose lock /Users/Josh/.npm/WakaTimeCLI/0.1.0/package /Users/Josh/.npm/4fccd289-sh-npm-WakaTimeCLI-0-1-0-package.lock
24 silly lockFile 4fccd289-sh-npm-WakaTimeCLI-0-1-0-package /Users/Josh/.npm/WakaTimeCLI/0.1.0/package
25 silly lockFile 4fccd289-sh-npm-WakaTimeCLI-0-1-0-package /Users/Josh/.npm/WakaTimeCLI/0.1.0/package
26 silly lockFile 3a52ce78- .
27 silly lockFile 3a52ce78- .
28 silly publish { name: 'WakaTimeCLI',
28 silly publish   version: '0.1.0',
28 silly publish   repository: { url: 'https://github.com/JoshLankford/WakaTimeCLI' },
28 silly publish   description: 'See your WakaTime report directly in the terminal',
28 silly publish   main: './lib/wakatime',
28 silly publish   preferGlobal: 'true',
28 silly publish   bin: { wakatime: './bin/wakatime' },
28 silly publish   keywords: [ 'wakatime', 'cli' ],
28 silly publish   author:
28 silly publish    { name: 'Josh Lankford',
28 silly publish      email: 'lankford.josh@gmail.com',
28 silly publish      url: 'http://joshlankford.com/' },
28 silly publish   license: 'ISC',
28 silly publish   dependencies: { bluebird: '^2.8.2', 'cli-color': '^0.3.2', request: '^2.51.0' },
28 silly publish   readme: '##WakaTimeCLI\r\nWalkaTimeCLI allows you to see your WakaTime.com reports from your command line.\r\n\r\n###Installation\r\n\r\n```shell\r\n$ npm install -g WakaTimeCLI\r\n```\r\n###Configuration\r\n\r\nLog into your WakaTime.com account and find your API Key in the settings (https://wakatime.com/settings).\r\n\r\nAdd your API Key\r\n```shell\r\n$ wakatime -api yourApiKeyHere\r\n```\r\n\r\n\r\n###Usage\r\n\r\nDisplay WakaTime data from today:\r\n```shell\r\n$ wakatime -t or wakatime -today\r\n```\r\n\r\nDisplay WakaTime data from yesterday:\r\n```shell\r\n$ wakatime -y or $ wakatime -yesterday\r\n```\r\n\r\nDisplay WakaTime data from the last 7 days:\r\n```shell\r\n$ wakatime -w or $ wakatime -week\r\n```\r\n\r\n###Info\r\n\r\nWritten using the WakaTime API (https://wakatime.com/api).\r\n',
28 silly publish   readmeFilename: 'README.md',
28 silly publish   bugs: { url: 'https://github.com/JoshLankford/WakaTimeCLI/issues' },
28 silly publish   homepage: 'https://github.com/JoshLankford/WakaTimeCLI',
28 silly publish   _id: 'WakaTimeCLI@0.1.0',
28 silly publish   scripts: {},
28 silly publish   _shasum: '761a59c1ed574a5315cb4ae0bfec672bbb6016d7',
28 silly publish   _from: '.' }
29 verbose request where is /WakaTimeCLI
30 verbose request registry https://registry.npmjs.org/
31 verbose request id 7d933a045373a6e5
32 verbose url raw /WakaTimeCLI
33 verbose url resolving [ 'https://registry.npmjs.org/', './WakaTimeCLI' ]
34 verbose url resolved https://registry.npmjs.org/WakaTimeCLI
35 verbose request where is https://registry.npmjs.org/WakaTimeCLI
36 info trying registry request attempt 1 at 21:39:23
37 http PUT https://registry.npmjs.org/WakaTimeCLI
38 http 403 https://registry.npmjs.org/WakaTimeCLI
39 verbose headers { date: 'Thu, 22 Jan 2015 05:39:23 GMT',
39 verbose headers   server: 'CouchDB/1.5.0 (Erlang OTP/R16B03)',
39 verbose headers   'content-type': 'application/json',
39 verbose headers   'cache-control': 'max-age=60',
39 verbose headers   'content-length': '76',
39 verbose headers   'accept-ranges': 'bytes',
39 verbose headers   via: '1.1 varnish',
39 verbose headers   'x-served-by': 'cache-sjc3134-SJC',
39 verbose headers   'x-cache': 'MISS',
39 verbose headers   'x-cache-hits': '0',
39 verbose headers   'x-timer': 'S1421905163.444646,VS0,VE122',
39 verbose headers   'keep-alive': 'timeout=10, max=50',
39 verbose headers   connection: 'Keep-Alive' }
40 error publish Failed PUT 403
41 error Error: forbidden New packages must have all-lowercase names: WakaTimeCLI
41 error     at RegClient.<anonymous> (/usr/local/lib/node_modules/npm/node_modules/npm-registry-client/lib/request.js:300:14)
41 error     at Request._callback (/usr/local/lib/node_modules/npm/node_modules/npm-registry-client/lib/request.js:238:65)
41 error     at Request.self.callback (/usr/local/lib/node_modules/npm/node_modules/request/request.js:123:22)
41 error     at Request.emit (events.js:98:17)
41 error     at Request.<anonymous> (/usr/local/lib/node_modules/npm/node_modules/request/request.js:893:14)
41 error     at Request.emit (events.js:117:20)
41 error     at IncomingMessage.<anonymous> (/usr/local/lib/node_modules/npm/node_modules/request/request.js:844:12)
41 error     at IncomingMessage.emit (events.js:117:20)
41 error     at _stream_readable.js:943:16
41 error     at process._tickCallback (node.js:419:13)
42 error If you need help, you may report this *entire* log,
42 error including the npm and node versions, at:
42 error     <http://github.com/npm/npm/issues>
43 error System Darwin 14.0.0
44 error command "node" "/usr/local/bin/npm" "publish"
45 error cwd /Users/Josh/Documents/code/nodeExecScript/src
46 error node -v v0.10.31
47 error npm -v 1.4.23
48 verbose exit [ 1, true ]
